Arguments: 
  C:\Program Files\nodejs\node.exe C:\Users\Asus\AppData\Roaming\npm\node_modules\yarn\bin\yarn.js add socket.io

PATH: 
  C:\Python 3.10\Scripts\;C:\Python 3.10\;C:\Program Files\Common Files\Oracle\Java\javapath;C:\Windows\system32;C:\Windows;C:\Windows\System32\Wbem;C:\Windows\System32\WindowsPowerShell\v1.0\;C:\Windows\System32\OpenSSH\;C:\Program Files (x86)\NVIDIA Corporation\PhysX\Common;C:\WINDOWS\system32;C:\WINDOWS;C:\WINDOWS\System32\Wbem;C:\WINDOWS\System32\WindowsPowerShell\v1.0\;C:\WINDOWS\System32\OpenSSH\;C:\MinGW;C:\Program Files\nodejs\;C:\Program Files\Docker\Docker\resources\bin;C:\Program Files\MongoDB\Server\7.0\bin;D:\MongoDb setup\mongosh-1.10.5-win32-x64\bin;C:\Program Files\MongoDB\Server\7.0\bin;C:\Program Files\Git\cmd;C:\Users\Asus\AppData\Local\Microsoft\WindowsApps;C:\python 3.9\New folder\Scripts;C:\python 3.9\New folder;C:\pycharm\PyCharm Community Edition 2021.1;C:\MinGW\bin;C:\IntelliJ IDEA Community Edition 2022.2.4\bin;;C:\Users\Asus\AppData\Local\Programs\Microsoft VS Code\bin;C:\MinGW\bin;C:\Users\Asus\AppData\Roaming\npm;C:\Program Files\nodejs\;C:\Program Files\MongoDB\Server\7.0\bin;

Yarn version: 
  1.22.19

Node version: 
  18.16.0

Platform: 
  win32 x64

Trace: 
  Error: EPERM: operation not permitted, unlink 'E:\NodeJS\LWS\Chat-app\node_modules\bcrypt\lib\binding\napi-v3\bcrypt_lib.node'

npm manifest: 
  {
    "name": "chat-app",
    "version": "1.0.0",
    "type": "module",
    "description": "A real time chat application",
    "main": "index.js",
    "scripts": {
      "start": "SET \"NODE_ENV=development\" && nodemon app.mjs",
      "production": "SET \"NODE_ENV=production\" && node index.mjs",
      "test": "echo \"Error: no test specified\" && exit 1"
    },
    "repository": {
      "type": "git",
      "url": "git+https://github.com/RakibQadri/Chat-App.git"
    },
    "author": "Muhammad Rakib",
    "license": "ISC",
    "bugs": {
      "url": "https://github.com/RakibQadri/Chat-App/issues"
    },
    "homepage": "https://github.com/RakibQadri/Chat-App#readme",
    "dependencies": {
      "bcrypt": "^5.1.1",
      "cookie-parser": "^1.4.6",
      "dotenv": "^16.3.1",
      "ejs": "^3.1.9",
      "express": "^4.18.2",
      "express-validator": "^7.0.1",
      "http-errors": "^2.0.0",
      "jsonwebtoken": "^9.0.1",
      "mongoose": "^7.4.4",
      "multer": "^1.4.5-lts.1"
    }
  }

yarn manifest: 
  No manifest

Lockfile: 
  No lockfile
